<?xml version="1.0" encoding="UTF-8"?>
<!-- Generated by org.testng.reporters.JUnitReportReporter -->
<testsuite skipped="0" hostname="2021-PC" name="scripts.Demo" tests="1" failures="0" timestamp="2022-01-15T15:44:07 IST" time="65.154" errors="0">
  <testcase name="testA" time="65.154" classname="scripts.Demo"/>
  <system-out>
    <![CDATA[XL Data:admin
Demo test]]>
  </system-out>
</testsuite> <!-- scripts.Demo -->
